SF:lib\presentation\auth\carousel\bloc\carousel_event.dart
DA:4,1
DA:10,1
DA:12,0
DA:13,0
LF:4
LH:2
end_of_record
SF:lib\presentation\auth\carousel\bloc\carousel_bloc.dart
DA:8,2
DA:9,2
DA:21,4
DA:24,1
DA:28,1
DA:29,3
LF:6
LH:6
end_of_record
SF:lib\presentation\auth\carousel\bloc\carousel_state.dart
DA:8,14
DA:14,2
DA:15,8
DA:17,1
DA:22,1
DA:23,1
DA:25,1
DA:26,0
LF:8
LH:7
end_of_record
SF:lib\core\use_case.dart
DA:8,0
DA:9,0
LF:2
LH:0
end_of_record
SF:lib\domain\entities\influencer.dart
DA:5,9
DA:28,2
DA:29,2
DA:30,2
DA:31,2
DA:32,2
DA:33,2
DA:34,2
DA:35,2
DA:36,2
DA:37,2
DA:38,2
LF:12
LH:12
end_of_record
SF:lib\domain\usecases\db_usecases\get_influencers_list_usecase.dart
DA:7,1
DA:11,1
DA:13,2
LF:3
LH:3
end_of_record
SF:lib\domain\usecases\db_usecases\observe_usecase.dart
DA:10,1
DA:14,1
DA:18,2
LF:3
LH:3
end_of_record
SF:lib\presentation\main_screen\screens\home\bloc\home_state.dart
DA:6,36
DA:10,3
DA:13,3
DA:14,0
DA:18,3
DA:19,6
LF:6
LH:5
end_of_record
SF:lib\presentation\main_screen\screens\home\bloc\home_bloc.dart
DA:21,3
DA:26,3
DA:31,15
DA:32,3
DA:33,6
DA:36,6
DA:37,6
DA:40,3
DA:44,9
DA:47,3
DA:51,3
DA:52,6
DA:53,3
DA:58,3
DA:60,6
DA:61,3
DA:64,0
DA:65,0
LF:18
LH:16
end_of_record
SF:lib\presentation\main_screen\screens\home\bloc\home_event.dart
DA:4,14
DA:8,11
DA:10,0
DA:11,0
DA:16,4
DA:20,0
DA:21,0
LF:7
LH:3
end_of_record
SF:lib\domain\entities\filtered_influencer.dart
DA:2,2
LF:1
LH:1
end_of_record
SF:lib\domain\entities\order_details.dart
DA:5,3
DA:19,0
DA:20,0
DA:21,0
DA:22,0
DA:23,0
DA:24,0
DA:25,0
LF:8
LH:1
end_of_record
SF:lib\presentation\main_screen\screens\influencers\bloc\influencers_event.dart
DA:4,12
DA:8,11
DA:10,0
DA:11,0
DA:17,2
DA:21,0
DA:22,0
LF:7
LH:3
end_of_record
SF:lib\presentation\main_screen\screens\influencers\bloc\influencers_bloc.dart
DA:19,1
DA:24,1
DA:27,5
DA:28,1
DA:29,1
DA:30,1
DA:34,2
DA:35,2
DA:38,1
DA:42,3
DA:45,1
DA:47,2
DA:48,1
DA:51,1
DA:55,1
DA:56,2
DA:57,1
LF:17
LH:17
end_of_record
SF:lib\presentation\main_screen\screens\influencers\bloc\influencers_state.dart
DA:5,14
DA:9,1
DA:12,1
DA:13,0
DA:17,1
DA:18,2
LF:6
LH:5
end_of_record
SF:lib\domain\usecases\db_usecases\filter_influencers_list_usecase.dart
DA:10,1
DA:14,1
DA:18,2
LF:3
LH:3
end_of_record
SF:lib\presentation\main_screen\screens\influencers_filter\bloc\influencers_filter_event.dart
DA:4,3
DA:10,1
DA:12,0
DA:13,0
DA:19,1
DA:21,0
DA:22,0
DA:28,1
DA:30,0
DA:31,0
DA:37,1
DA:39,0
DA:40,0
DA:44,0
DA:45,0
DA:49,0
DA:50,0
DA:56,1
DA:60,0
DA:61,0
LF:20
LH:6
end_of_record
SF:lib\presentation\main_screen\screens\influencers_filter\bloc\influencers_filter_state.dart
DA:21,14
DA:34,1
DA:46,1
DA:47,1
DA:48,1
DA:49,1
DA:50,1
DA:51,1
DA:52,1
DA:53,1
DA:54,1
DA:55,1
DA:56,1
DA:60,1
DA:62,1
DA:63,1
DA:64,1
DA:65,1
DA:66,1
DA:67,1
DA:68,1
DA:69,1
DA:70,1
DA:71,1
DA:72,1
LF:25
LH:25
end_of_record
SF:lib\presentation\main_screen\screens\influencers_filter\bloc\influencers_filter_bloc.dart
DA:24,1
DA:31,1
DA:58,5
DA:59,1
DA:60,1
DA:61,1
DA:65,2
DA:66,2
DA:67,2
DA:68,2
DA:69,2
DA:70,2
DA:71,2
DA:74,1
DA:78,1
DA:79,3
DA:83,1
DA:87,1
DA:88,3
DA:92,1
DA:96,1
DA:97,3
DA:101,1
DA:105,1
DA:106,3
DA:110,1
DA:114,2
DA:115,2
DA:116,2
DA:117,2
DA:120,2
DA:121,1
DA:128,1
DA:129,2
DA:133,0
DA:134,0
DA:135,0
DA:137,0
DA:143,1
DA:147,3
DA:150,1
DA:152,1
DA:153,2
DA:154,1
DA:159,1
DA:161,2
DA:162,1
LF:47
LH:43
end_of_record
SF:lib\domain\usecases\db_usecases\send_order_usecase.dart
DA:8,1
DA:12,1
DA:16,2
LF:3
LH:3
end_of_record
SF:lib\presentation\main_screen\screens\influencers_page\bloc\influencers_page_event.dart
DA:4,14
DA:8,11
DA:10,0
DA:11,0
DA:17,4
DA:21,0
DA:22,0
DA:31,1
DA:38,0
DA:39,0
DA:40,0
DA:41,0
DA:46,0
DA:47,0
LF:14
LH:4
end_of_record
SF:lib\presentation\main_screen\screens\influencers_page\bloc\influencers_page_bloc.dart
DA:26,3
DA:33,3
DA:42,15
DA:43,3
DA:44,3
DA:45,3
DA:49,6
DA:50,6
DA:51,6
DA:52,6
DA:55,3
DA:59,6
DA:60,3
DA:64,3
DA:68,3
DA:69,6
DA:70,3
DA:75,1
DA:79,1
DA:80,2
DA:81,1
DA:82,1
DA:83,1
DA:84,1
DA:89,1
DA:93,2
DA:94,1
DA:95,2
DA:96,2
DA:97,2
DA:98,1
DA:104,3
DA:106,6
DA:107,3
LF:34
LH:34
end_of_record
SF:lib\presentation\main_screen\screens\influencers_page\bloc\influencers_page_state.dart
DA:10,17
DA:18,3
DA:25,3
DA:26,1
DA:27,3
DA:28,3
DA:29,3
DA:30,3
DA:34,3
DA:36,3
DA:37,3
DA:38,3
DA:39,3
DA:40,3
DA:41,3
LF:15
LH:15
end_of_record
SF:lib\domain\entities\user.dart
DA:2,2
LF:1
LH:1
end_of_record
SF:lib\domain\usecases\user_usecases\get_user_usecase.dart
DA:9,1
DA:13,1
DA:15,2
LF:3
LH:3
end_of_record
SF:lib\domain\usecases\user_usecases\is_first_launch_usecase.dart
DA:8,1
DA:12,1
DA:14,2
LF:3
LH:3
end_of_record
SF:lib\domain\usecases\user_usecases\set_first_launch_usecase.dart
DA:8,1
DA:12,1
DA:14,2
LF:3
LH:3
end_of_record
SF:lib\presentation\auth\initial\bloc\initial_event.dart
DA:4,1
DA:8,0
DA:9,0
DA:13,0
DA:14,0
LF:5
LH:1
end_of_record
SF:lib\presentation\auth\initial\bloc\initial_bloc.dart
DA:19,1
DA:26,1
DA:32,2
DA:35,1
DA:39,2
DA:40,1
DA:44,0
DA:45,0
DA:48,0
DA:49,0
DA:53,0
DA:54,0
DA:60,1
DA:61,2
LF:14
LH:8
end_of_record
SF:lib\presentation\auth\initial\bloc\initial_state.dart
DA:7,6
DA:12,1
DA:16,1
DA:17,0
DA:18,0
DA:22,1
DA:23,1
DA:24,1
DA:25,1
LF:9
LH:7
end_of_record
SF:lib\domain\entities\login_user.dart
DA:2,2
LF:1
LH:1
end_of_record
SF:lib\domain\usecases\auth_usecases\login_user_usecase.dart
DA:9,1
DA:13,1
DA:15,2
LF:3
LH:3
end_of_record
SF:lib\presentation\auth\login\bloc\login_event.dart
DA:4,12
DA:8,11
DA:10,0
DA:11,0
DA:15,2
DA:19,0
DA:20,0
DA:24,2
DA:28,0
DA:29,0
LF:10
LH:4
end_of_record
SF:lib\presentation\auth\login\bloc\login_state.dart
DA:10,20
DA:22,1
DA:28,1
DA:29,1
DA:30,1
DA:31,1
DA:32,1
DA:36,1
DA:37,1
DA:38,1
DA:39,1
DA:40,1
DA:41,1
LF:13
LH:13
end_of_record
SF:lib\presentation\auth\login\bloc\login_bloc.dart
DA:13,3
DA:16,3
DA:17,6
DA:18,6
DA:19,6
DA:22,1
DA:27,1
DA:28,2
DA:29,2
DA:31,2
DA:32,1
DA:33,2
DA:39,0
DA:40,0
DA:41,0
DA:48,1
DA:52,1
DA:53,2
DA:54,1
DA:59,1
DA:63,1
DA:64,2
DA:65,1
LF:23
LH:20
end_of_record
SF:lib\domain\entities\register_user.dart
DA:2,2
LF:1
LH:1
end_of_record
SF:lib\presentation\main_screen\bloc\main_screen_event.dart
DA:4,1
DA:10,1
DA:12,0
DA:13,0
LF:4
LH:2
end_of_record
SF:lib\presentation\main_screen\bloc\main_screen_bloc.dart
DA:8,2
DA:9,2
DA:12,4
DA:15,1
DA:19,4
LF:5
LH:5
end_of_record
SF:lib\presentation\main_screen\bloc\main_screen_state.dart
DA:6,14
DA:10,1
DA:13,1
DA:14,0
DA:18,1
DA:19,1
DA:20,1
LF:7
LH:6
end_of_record
SF:lib\domain\usecases\db_usecases\get_order_usecase.dart
DA:8,1
DA:12,1
DA:14,2
LF:3
LH:3
end_of_record
SF:lib\presentation\main_screen\screens\payment\bloc\payment_state.dart
DA:6,16
DA:10,1
DA:14,1
DA:15,0
DA:19,1
DA:20,1
DA:21,1
LF:7
LH:6
end_of_record
SF:lib\presentation\main_screen\screens\payment\bloc\payment_event.dart
DA:4,1
DA:6,0
DA:7,0
DA:11,0
DA:12,0
LF:5
LH:1
end_of_record
SF:lib\presentation\main_screen\screens\payment\bloc\payment_bloc.dart
DA:13,1
DA:16,1
DA:21,2
DA:24,1
DA:29,2
DA:30,1
DA:32,1
DA:33,2
LF:8
LH:8
end_of_record
SF:lib\domain\usecases\auth_usecases\register_user_usecase.dart
DA:9,1
DA:13,1
DA:15,2
LF:3
LH:3
end_of_record
SF:lib\presentation\auth\registration\bloc\registration_state.dart
DA:10,15
DA:22,1
DA:28,1
DA:29,1
DA:30,1
DA:31,1
DA:32,1
DA:36,1
DA:37,1
DA:38,1
DA:39,1
DA:40,1
DA:41,1
LF:13
LH:13
end_of_record
SF:lib\presentation\auth\registration\bloc\registration_event.dart
DA:4,12
DA:8,11
DA:10,0
DA:11,0
DA:15,2
DA:21,0
DA:22,0
DA:26,2
DA:32,0
DA:33,0
LF:10
LH:4
end_of_record
SF:lib\presentation\auth\registration\bloc\registration_bloc.dart
DA:13,2
DA:16,2
DA:19,2
DA:20,2
DA:22,2
DA:23,2
DA:25,2
DA:26,2
DA:30,1
DA:35,1
DA:36,2
DA:37,2
DA:39,2
DA:40,1
DA:41,2
DA:47,0
DA:48,0
DA:49,0
DA:56,1
DA:60,1
DA:61,2
DA:62,1
DA:67,1
DA:71,1
DA:72,2
DA:73,1
LF:26
LH:23
end_of_record
SF:lib\domain\usecases\auth_usecases\sign_out_user_usecase.dart
DA:8,1
DA:12,1
DA:14,2
LF:3
LH:3
end_of_record
SF:lib\presentation\main_screen\screens\user_settings\bloc\user_settings_event.dart
DA:4,11
DA:8,11
DA:10,0
DA:11,0
LF:4
LH:2
end_of_record
SF:lib\presentation\main_screen\screens\user_settings\bloc\user_settings_state.dart
DA:4,13
DA:6,0
DA:7,0
LF:3
LH:1
end_of_record
SF:lib\presentation\main_screen\screens\user_settings\bloc\user_settings_bloc.dart
DA:12,2
DA:15,2
DA:18,4
DA:21,1
DA:25,3
LF:5
LH:5
end_of_record
SF:lib\domain\usecases\auth_usecases\delete_user_usecase.dart
DA:7,1
DA:11,1
DA:13,2
LF:3
LH:3
end_of_record
SF:lib\core_ui\custom_bottom_navigation_bar.dart
DA:8,3
DA:14,3
DA:16,3
DA:23,3
DA:24,3
LF:5
LH:5
end_of_record
SF:lib\core_ui\constants.dart
DA:8,0
DA:9,0
LF:2
LH:0
end_of_record
SF:lib\presentation\main_screen\screens\about\about_form.dart
DA:9,11
DA:11,1
LF:2
LH:2
end_of_record
SF:lib\presentation\main_screen\screens\about\widgets\about_button.dart
DA:8,11
DA:13,1
DA:15,1
DA:17,1
DA:19,1
DA:20,1
DA:24,1
DA:25,1
DA:27,1
DA:28,1
DA:29,1
DA:33,0
DA:34,1
DA:37,1
DA:38,2
LF:15
LH:14
end_of_record
SF:lib\presentation\main_screen\screens\about\widgets\about_text_block.dart
DA:7,11
DA:13,1
DA:15,1
DA:17,1
DA:18,1
DA:19,1
LF:6
LH:6
end_of_record
SF:lib\presentation\auth\carousel\carousel_form.dart
DA:13,1
DA:15,1
DA:17,1
DA:18,1
DA:20,3
DA:21,1
DA:22,1
DA:23,1
DA:24,1
DA:25,1
DA:27,1
DA:28,1
DA:31,3
DA:35,0
DA:39,0
DA:40,0
DA:41,0
DA:46,1
DA:47,1
DA:48,2
DA:50,1
DA:53,1
DA:57,1
DA:58,1
DA:59,1
DA:60,1
DA:67,1
DA:68,1
DA:72,1
DA:73,0
DA:74,0
DA:76,0
DA:77,0
DA:86,1
DA:87,1
DA:91,1
DA:92,4
LF:37
LH:29
end_of_record
SF:lib\core\app_locator.dart
DA:3,24
LF:1
LH:1
end_of_record
SF:lib\core_ui\login_inputs.dart
DA:11,3
DA:15,3
DA:17,3
DA:18,3
DA:24,3
DA:26,6
DA:27,3
DA:30,3
DA:32,3
DA:34,3
DA:35,3
DA:36,6
DA:39,3
DA:40,6
DA:42,3
DA:43,1
DA:57,3
DA:62,3
DA:64,3
DA:65,3
DA:71,3
DA:73,6
DA:74,3
DA:77,3
DA:79,3
DA:81,3
DA:83,6
DA:84,3
DA:85,6
DA:87,3
DA:88,6
DA:90,3
DA:91,1
LF:33
LH:33
end_of_record
SF:lib\core_ui\register_inputs.dart
DA:12,2
DA:16,2
DA:18,2
DA:19,2
DA:25,2
DA:27,4
DA:28,2
DA:31,2
DA:33,2
DA:35,2
DA:36,2
DA:37,4
DA:40,2
DA:41,4
DA:43,3
DA:44,1
DA:58,2
DA:63,2
DA:65,2
DA:66,2
DA:72,2
DA:74,4
DA:75,2
DA:78,2
DA:80,2
DA:82,2
DA:84,4
DA:85,2
DA:86,4
DA:88,2
DA:89,4
DA:91,3
DA:92,1
LF:33
LH:33
end_of_record
SF:lib\core_ui\secondary_app_bar.dart
DA:7,20
DA:12,3
DA:14,3
DA:18,3
DA:19,1
DA:20,1
DA:24,3
DA:28,6
DA:30,3
DA:31,3
DA:32,0
DA:40,3
LF:12
LH:11
end_of_record
SF:lib\presentation\auth\carousel\widgets\carousel_slide_item.dart
DA:9,1
DA:13,1
DA:15,1
DA:17,1
DA:19,1
DA:21,1
DA:22,1
DA:24,1
DA:25,1
DA:30,1
DA:31,1
LF:11
LH:11
end_of_record
SF:lib\presentation\auth\login\login_screen.dart
DA:12,30
DA:14,2
DA:16,2
DA:17,4
DA:18,4
LF:5
LH:5
end_of_record
SF:lib\presentation\auth\login\login_form.dart
DA:12,11
DA:14,3
DA:16,3
DA:17,3
DA:18,3
DA:19,0
DA:20,0
DA:21,0
DA:23,0
DA:24,0
DA:27,0
DA:28,0
DA:29,0
DA:30,0
DA:31,0
DA:37,3
DA:38,0
DA:39,3
DA:40,3
DA:43,3
DA:55,3
DA:57,3
DA:62,3
DA:67,1
DA:68,1
DA:70,1
DA:71,1
DA:82,3
DA:84,3
DA:85,12
DA:86,3
DA:87,3
DA:101,3
DA:102,0
DA:104,0
DA:105,0
DA:107,3
DA:108,3
LF:38
LH:24
end_of_record
SF:lib\presentation\auth\login\widgets\login_inputs.dart
DA:6,10
DA:8,3
DA:10,3
DA:13,3
DA:14,3
DA:15,0
DA:16,0
DA:21,3
DA:26,3
DA:28,0
DA:29,0
DA:34,3
LF:12
LH:8
end_of_record
SF:lib\presentation\auth\registration\registration_screen.dart
DA:12,10
DA:14,1
DA:16,1
DA:17,2
DA:18,2
LF:5
LH:5
end_of_record
SF:lib\presentation\main_screen\main_screen.dart
DA:8,30
DA:10,1
DA:12,1
DA:13,2
LF:4
LH:4
end_of_record
SF:lib\presentation\auth\registration\registration_form.dart
DA:12,11
DA:14,2
DA:16,2
DA:17,2
DA:18,2
DA:19,0
DA:20,0
DA:21,0
DA:23,0
DA:25,0
DA:26,0
DA:27,0
DA:31,2
DA:32,2
DA:35,2
DA:47,2
DA:49,2
DA:54,2
DA:59,1
DA:60,1
DA:62,1
DA:63,1
DA:70,2
DA:72,2
DA:73,8
DA:74,2
DA:75,2
DA:89,2
DA:90,0
DA:92,0
DA:93,0
DA:95,2
DA:96,2
LF:33
LH:23
end_of_record
SF:lib\presentation\auth\registration\widgets\registration_inputs.dart
DA:6,10
DA:8,2
DA:10,2
DA:11,2
DA:14,2
DA:15,2
DA:16,0
DA:17,0
DA:22,2
DA:27,2
DA:29,0
DA:30,0
DA:35,2
LF:13
LH:9
end_of_record
SF:lib\presentation\main_screen\main_screen_form.dart
DA:13,11
DA:15,0
DA:17,2
DA:19,2
DA:20,2
DA:21,2
DA:22,2
DA:24,2
DA:28,1
DA:29,1
DA:31,1
DA:32,1
DA:37,2
DA:39,2
DA:40,2
DA:41,1
DA:45,2
DA:46,1
DA:51,4
DA:53,4
DA:56,2
DA:57,2
DA:58,0
DA:59,0
DA:60,0
LF:25
LH:21
end_of_record
SF:lib\presentation\main_screen\screens\about\about_screen.dart
DA:6,10
DA:8,0
LF:2
LH:1
end_of_record
SF:lib\presentation\main_screen\screens\home\home_screen.dart
DA:13,10
DA:17,2
DA:19,2
DA:20,4
DA:21,4
DA:22,4
DA:23,2
LF:7
LH:7
end_of_record
SF:lib\presentation\main_screen\screens\influencers\influencers_screen.dart
DA:13,10
DA:17,0
DA:19,0
DA:20,0
DA:21,0
DA:22,0
DA:23,0
LF:7
LH:1
end_of_record
SF:lib\presentation\main_screen\screens\user_settings\user_settings_screen.dart
DA:12,10
DA:14,1
DA:16,1
DA:17,2
DA:18,2
DA:20,1
DA:21,1
LF:7
LH:7
end_of_record
SF:lib\presentation\main_screen\screens\home\home_form.dart
DA:11,11
DA:13,0
DA:15,3
DA:17,3
DA:18,3
DA:19,3
DA:20,3
DA:21,3
DA:22,3
DA:23,3
DA:28,3
DA:30,3
DA:31,3
DA:32,3
DA:36,3
DA:37,3
DA:38,3
DA:42,0
DA:43,3
DA:44,3
DA:55,3
DA:56,3
DA:59,3
DA:60,3
DA:61,6
DA:63,3
DA:68,3
DA:70,3
DA:71,3
DA:75,3
DA:76,3
DA:77,3
DA:81,0
DA:82,3
DA:84,3
DA:85,3
LF:36
LH:33
end_of_record
SF:lib\presentation\main_screen\widgets\influencer_carousel.dart
DA:11,4
DA:15,4
DA:17,4
DA:19,4
DA:20,4
DA:28,8
DA:29,4
DA:30,4
DA:31,8
DA:32,4
LF:10
LH:10
end_of_record
SF:lib\presentation\main_screen\widgets\influencers_list.dart
DA:10,4
DA:14,4
DA:16,4
DA:18,4
DA:22,4
DA:23,4
DA:24,4
DA:25,8
LF:8
LH:8
end_of_record
SF:lib\presentation\main_screen\screens\influencers\influencers_form.dart
DA:12,11
DA:16,1
DA:18,1
DA:19,1
DA:20,1
DA:21,1
DA:22,1
DA:24,1
DA:27,1
DA:28,1
DA:35,1
DA:37,1
DA:42,1
DA:43,1
DA:47,1
DA:48,1
DA:51,0
DA:52,0
DA:54,0
DA:55,0
DA:78,1
DA:79,1
DA:82,1
DA:83,1
DA:84,2
DA:86,1
DA:91,1
DA:92,1
DA:93,1
DA:96,1
DA:99,1
DA:101,1
LF:32
LH:28
end_of_record
SF:lib\presentation\main_screen\screens\influencers_filter\influencers_filter_screen.dart
DA:14,10
DA:18,0
DA:20,0
DA:21,0
DA:22,0
DA:23,0
DA:24,0
DA:25,0
DA:26,0
LF:9
LH:1
end_of_record
SF:lib\presentation\main_screen\screens\influencers_filter\influencers_filter_form.dart
DA:11,11
DA:13,0
DA:15,1
DA:17,1
DA:18,1
DA:19,1
DA:20,1
DA:21,0
DA:23,1
DA:24,1
DA:26,1
DA:30,1
DA:32,1
DA:36,1
DA:38,1
DA:39,1
DA:46,1
DA:47,1
DA:48,1
DA:50,0
DA:51,0
DA:52,0
DA:55,1
DA:56,1
DA:57,1
DA:59,0
DA:60,0
DA:61,0
DA:64,1
DA:65,1
DA:66,1
DA:68,0
DA:69,0
DA:70,0
DA:73,1
DA:74,1
DA:77,0
DA:78,0
DA:79,0
DA:82,1
DA:83,1
DA:84,1
DA:85,1
DA:88,1
DA:89,1
DA:90,2
DA:91,1
DA:99,1
DA:100,1
DA:109,1
DA:110,1
DA:112,1
DA:113,1
DA:114,1
DA:118,1
DA:122,1
DA:123,1
DA:127,1
DA:128,2
DA:129,1
DA:131,1
LF:61
LH:47
end_of_record
SF:lib\presentation\main_screen\screens\influencers_filter\widgets\influencer_dropdown_button.dart
DA:11,1
DA:19,1
DA:21,1
DA:22,1
DA:23,1
DA:24,1
DA:25,2
DA:34,1
DA:35,1
DA:36,2
DA:37,0
DA:38,2
DA:45,2
DA:46,1
DA:47,1
DA:49,1
DA:55,1
DA:56,1
LF:18
LH:17
end_of_record
SF:lib\presentation\main_screen\screens\influencers_page\influencers_page_form.dart
DA:15,3
DA:20,3
DA:22,3
DA:23,3
DA:24,3
DA:25,3
DA:29,3
DA:30,0
DA:31,0
DA:33,3
DA:34,3
DA:52,3
DA:53,3
DA:54,0
DA:64,3
DA:65,3
DA:66,3
DA:67,3
DA:68,12
DA:69,3
DA:70,6
DA:74,3
DA:76,3
DA:78,3
DA:80,3
DA:81,3
DA:82,6
DA:85,9
DA:86,0
DA:87,0
DA:90,3
DA:91,9
DA:94,3
DA:95,9
DA:102,3
DA:107,3
DA:108,3
DA:109,3
DA:110,3
DA:111,6
DA:113,9
DA:115,3
DA:117,3
DA:118,3
DA:119,6
DA:121,9
DA:123,3
DA:125,3
DA:126,3
DA:127,6
DA:129,9
DA:131,3
DA:136,3
DA:141,3
DA:143,3
DA:144,3
DA:145,3
DA:146,3
DA:149,3
DA:150,3
DA:151,3
DA:155,0
DA:156,0
DA:157,0
DA:158,0
DA:160,0
DA:162,0
DA:163,0
DA:168,3
DA:173,3
DA:174,3
DA:178,3
DA:179,3
DA:181,3
DA:186,3
DA:187,6
LF:76
LH:64
end_of_record
SF:lib\presentation\main_screen\screens\influencers_page\widgets\influencers_page_option_tile.dart
DA:17,3
DA:24,3
DA:26,3
DA:28,3
DA:29,0
DA:30,0
DA:31,0
DA:32,0
DA:33,0
DA:34,0
DA:35,0
DA:39,3
DA:43,3
DA:45,3
DA:46,9
DA:49,3
DA:53,3
DA:55,3
DA:57,3
DA:59,3
DA:60,3
DA:61,3
DA:63,3
DA:64,3
DA:65,9
DA:81,3
DA:83,3
DA:84,3
DA:85,3
DA:86,9
DA:90,3
DA:91,9
DA:92,9
LF:33
LH:26
end_of_record
SF:lib\presentation\main_screen\screens\payment\payment_screen.dart
DA:10,10
DA:12,0
DA:14,0
DA:15,0
DA:16,0
DA:17,0
DA:18,0
LF:7
LH:1
end_of_record
SF:lib\presentation\main_screen\screens\influencers_page\influencers_page_screen.dart
DA:17,2
DA:22,2
DA:24,2
DA:30,2
DA:31,4
DA:32,4
DA:33,4
DA:34,4
DA:35,2
DA:38,2
DA:39,2
LF:11
LH:11
end_of_record
SF:lib\presentation\main_screen\screens\payment\payment_form.dart
DA:13,11
DA:15,1
DA:17,1
DA:18,1
DA:19,2
DA:20,1
DA:22,1
DA:23,1
DA:25,1
DA:26,1
DA:27,4
DA:28,4
DA:46,2
DA:47,1
DA:48,1
DA:50,1
DA:55,1
DA:57,1
DA:76,1
LF:19
LH:19
end_of_record
SF:lib\presentation\main_screen\screens\payment\widgets\order_details_widget.dart
DA:13,1
DA:16,1
DA:18,1
DA:20,1
DA:23,1
DA:25,1
DA:27,1
DA:46,1
DA:47,2
DA:64,1
DA:65,3
DA:71,1
DA:73,1
DA:75,1
DA:76,1
DA:77,1
DA:80,1
DA:81,1
DA:82,4
DA:83,4
DA:86,1
DA:87,1
DA:88,1
DA:92,1
DA:93,2
DA:94,1
DA:95,1
DA:97,1
LF:28
LH:28
end_of_record
SF:lib\presentation\main_screen\screens\user_settings\user_settings_form.dart
DA:13,11
DA:15,2
DA:17,2
DA:18,0
DA:19,2
DA:23,2
DA:24,2
DA:27,2
DA:35,2
DA:36,2
DA:37,1
DA:39,1
DA:40,1
DA:41,2
DA:42,1
DA:43,1
DA:45,1
DA:74,2
DA:75,0
DA:78,2
DA:79,0
DA:82,2
DA:83,0
DA:86,2
DA:87,0
DA:90,2
DA:91,0
LF:27
LH:21
end_of_record
SF:lib\presentation\main_screen\screens\user_settings\widgets\user_settings_add_picture_button.dart
DA:5,10
DA:7,2
DA:9,2
DA:14,2
DA:16,2
DA:20,2
DA:22,2
DA:24,2
DA:25,2
DA:26,2
DA:27,2
DA:30,0
LF:12
LH:11
end_of_record
SF:lib\presentation\main_screen\screens\user_settings\widgets\user_settings_options.dart
DA:8,2
DA:12,2
DA:14,2
DA:16,4
DA:17,2
DA:19,2
DA:20,2
DA:21,2
DA:22,2
DA:23,2
DA:26,2
DA:27,2
DA:29,2
DA:30,2
LF:14
LH:14
end_of_record
SF:lib\presentation\main_screen\widgets\influencer_carousel_tile.dart
DA:10,4
DA:14,4
DA:16,4
DA:18,4
DA:20,4
DA:21,12
DA:22,4
DA:23,4
DA:24,4
DA:26,4
DA:27,8
DA:31,4
DA:34,4
DA:35,4
DA:37,4
DA:38,3
DA:39,3
DA:40,3
DA:42,3
DA:43,6
DA:48,9
DA:49,3
DA:50,12
DA:51,6
DA:54,0
DA:55,0
DA:56,0
DA:59,3
DA:60,9
DA:61,6
DA:66,1
DA:68,1
DA:70,1
DA:71,2
LF:34
LH:31
end_of_record
SF:lib\presentation\main_screen\widgets\influencer_list_tile.dart
DA:10,4
DA:15,4
DA:17,4
DA:19,4
DA:20,4
DA:23,4
DA:24,4
DA:25,4
DA:26,8
DA:31,2
DA:32,2
DA:34,2
DA:35,4
DA:36,2
DA:41,4
DA:42,8
DA:45,4
DA:46,4
DA:47,4
DA:49,4
DA:54,12
DA:55,4
DA:56,20
DA:59,4
DA:60,16
DA:65,4
DA:67,4
DA:72,4
DA:73,12
LF:29
LH:29
end_of_record
